<?xml version="1.0" encoding="UTF-8"?>
<!-- Generated by org.testng.reporters.JUnitXMLReporter -->
<testsuite hostname="Hala-samir" ignored="34" name="Command line test" tests="2" failures="0" timestamp="29 Aug 2020 17:00:37 GMT" time="8.372" errors="0">
  <testcase name="contactUsTest" time="4.417" classname="tests.ContactUsTest"/>
  <testcase name="userCanSelectSubcateorgyFromMainMenu" time="2.848" classname="tests.ProductHoverMenuTest"/>
  <testcase name="@BeforeSuite StartDriver" time="0.0" classname="tests.TestBase">
    <ignored/>
  </testcase> <!-- @BeforeSuite StartDriver -->
  <testcase name="@BeforeSuite StartDriver" time="0.0" classname="tests.TestBase">
    <ignored/>
  </testcase> <!-- @BeforeSuite StartDriver -->
  <testcase name="@BeforeSuite StartDriver" time="0.0" classname="tests.TestBase">
    <ignored/>
  </testcase> <!-- @BeforeSuite StartDriver -->
  <testcase name="@BeforeSuite StartDriver" time="0.0" classname="tests.TestBase">
    <ignored/>
  </testcase> <!-- @BeforeSuite StartDriver -->
  <testcase name="@BeforeSuite StartDriver" time="0.0" classname="tests.TestBase">
    <ignored/>
  </testcase> <!-- @BeforeSuite StartDriver -->
  <testcase name="@BeforeSuite StartDriver" time="0.0" classname="tests.TestBase">
    <ignored/>
  </testcase> <!-- @BeforeSuite StartDriver -->
  <testcase name="@BeforeSuite StartDriver" time="0.0" classname="tests.TestBase">
    <ignored/>
  </testcase> <!-- @BeforeSuite StartDriver -->
  <testcase name="@BeforeSuite StartDriver" time="0.0" classname="tests.TestBase">
    <ignored/>
  </testcase> <!-- @BeforeSuite StartDriver -->
  <testcase name="@BeforeSuite StartDriver" time="0.0" classname="tests.TestBase">
    <ignored/>
  </testcase> <!-- @BeforeSuite StartDriver -->
  <testcase name="@BeforeSuite StartDriver" time="0.0" classname="tests.TestBase">
    <ignored/>
  </testcase> <!-- @BeforeSuite StartDriver -->
  <testcase name="@BeforeSuite StartDriver" time="0.0" classname="tests.TestBase">
    <ignored/>
  </testcase> <!-- @BeforeSuite StartDriver -->
  <testcase name="@BeforeSuite StartDriver" time="0.0" classname="tests.TestBase">
    <ignored/>
  </testcase> <!-- @BeforeSuite StartDriver -->
  <testcase name="@BeforeSuite StartDriver" time="0.0" classname="tests.TestBase">
    <ignored/>
  </testcase> <!-- @BeforeSuite StartDriver -->
  <testcase name="@BeforeSuite StartDriver" time="0.0" classname="tests.TestBase">
    <ignored/>
  </testcase> <!-- @BeforeSuite StartDriver -->
  <testcase name="@BeforeSuite StartDriver" time="0.0" classname="tests.TestBase">
    <ignored/>
  </testcase> <!-- @BeforeSuite StartDriver -->
  <testcase name="@BeforeSuite StartDriver" time="0.0" classname="tests.TestBase">
    <ignored/>
  </testcase> <!-- @BeforeSuite StartDriver -->
  <testcase name="@BeforeSuite StartDriver" time="0.0" classname="tests.TestBase">
    <ignored/>
  </testcase> <!-- @BeforeSuite StartDriver -->
  <testcase name="@AfterSuite stopDriver" time="0.0" classname="tests.TestBase">
    <ignored/>
  </testcase> <!-- @AfterSuite stopDriver -->
  <testcase name="@AfterSuite stopDriver" time="0.0" classname="tests.TestBase">
    <ignored/>
  </testcase> <!-- @AfterSuite stopDriver -->
  <testcase name="@AfterSuite stopDriver" time="0.0" classname="tests.TestBase">
    <ignored/>
  </testcase> <!-- @AfterSuite stopDriver -->
  <testcase name="@AfterSuite stopDriver" time="0.0" classname="tests.TestBase">
    <ignored/>
  </testcase> <!-- @AfterSuite stopDriver -->
  <testcase name="@AfterSuite stopDriver" time="0.0" classname="tests.TestBase">
    <ignored/>
  </testcase> <!-- @AfterSuite stopDriver -->
  <testcase name="@AfterSuite stopDriver" time="0.0" classname="tests.TestBase">
    <ignored/>
  </testcase> <!-- @AfterSuite stopDriver -->
  <testcase name="@AfterSuite stopDriver" time="0.0" classname="tests.TestBase">
    <ignored/>
  </testcase> <!-- @AfterSuite stopDriver -->
  <testcase name="@AfterSuite stopDriver" time="0.0" classname="tests.TestBase">
    <ignored/>
  </testcase> <!-- @AfterSuite stopDriver -->
  <testcase name="@AfterSuite stopDriver" time="0.0" classname="tests.TestBase">
    <ignored/>
  </testcase> <!-- @AfterSuite stopDriver -->
  <testcase name="@AfterSuite stopDriver" time="0.0" classname="tests.TestBase">
    <ignored/>
  </testcase> <!-- @AfterSuite stopDriver -->
  <testcase name="@AfterSuite stopDriver" time="0.0" classname="tests.TestBase">
    <ignored/>
  </testcase> <!-- @AfterSuite stopDriver -->
  <testcase name="@AfterSuite stopDriver" time="0.0" classname="tests.TestBase">
    <ignored/>
  </testcase> <!-- @AfterSuite stopDriver -->
  <testcase name="@AfterSuite stopDriver" time="0.0" classname="tests.TestBase">
    <ignored/>
  </testcase> <!-- @AfterSuite stopDriver -->
  <testcase name="@AfterSuite stopDriver" time="0.0" classname="tests.TestBase">
    <ignored/>
  </testcase> <!-- @AfterSuite stopDriver -->
  <testcase name="@AfterSuite stopDriver" time="0.0" classname="tests.TestBase">
    <ignored/>
  </testcase> <!-- @AfterSuite stopDriver -->
  <testcase name="@AfterSuite stopDriver" time="0.0" classname="tests.TestBase">
    <ignored/>
  </testcase> <!-- @AfterSuite stopDriver -->
  <testcase name="@AfterSuite stopDriver" time="0.0" classname="tests.TestBase">
    <ignored/>
  </testcase> <!-- @AfterSuite stopDriver -->
</testsuite> <!-- Command line test -->
