<?xml version="1.0" encoding="UTF-8"?>
<testng-results skipped="0" failed="0" ignored="34" total="36" passed="2">
  <reporter-output>
  </reporter-output>
  <suite name="Command line suite" duration-ms="8372" started-at="2020-08-29T17:00:29Z" finished-at="2020-08-29T17:00:37Z">
    <groups>
      <group name="cucumber">
        <method signature="AbstractTestNGCucumberTests.runScenario(io.cucumber.testng.PickleWrapper, io.cucumber.testng.FeatureWrapper)[pri:0, instance:tests.AddProductToWishListTest@2d9f64c9]" name="runScenario" class="io.cucumber.testng.AbstractTestNGCucumberTests"/>
        <method signature="AbstractTestNGCucumberTests.runScenario(io.cucumber.testng.PickleWrapper, io.cucumber.testng.FeatureWrapper)[pri:0, instance:tests.ChangeCurrencyTest@21ac5eb4]" name="runScenario" class="io.cucumber.testng.AbstractTestNGCucumberTests"/>
        <method signature="AbstractTestNGCucumberTests.runScenario(io.cucumber.testng.PickleWrapper, io.cucumber.testng.FeatureWrapper)[pri:0, instance:tests.ChangePasswordTest@52d6cd34]" name="runScenario" class="io.cucumber.testng.AbstractTestNGCucumberTests"/>
        <method signature="AbstractTestNGCucumberTests.runScenario(io.cucumber.testng.PickleWrapper, io.cucumber.testng.FeatureWrapper)[pri:0, instance:tests.CompareProductsTest@715d6168]" name="runScenario" class="io.cucumber.testng.AbstractTestNGCucumberTests"/>
        <method signature="AbstractTestNGCucumberTests.runScenario(io.cucumber.testng.PickleWrapper, io.cucumber.testng.FeatureWrapper)[pri:0, instance:tests.ContactUsTest@27b2faa6]" name="runScenario" class="io.cucumber.testng.AbstractTestNGCucumberTests"/>
        <method signature="AbstractTestNGCucumberTests.runScenario(io.cucumber.testng.PickleWrapper, io.cucumber.testng.FeatureWrapper)[pri:0, instance:tests.EmailFriendTest@6428591a]" name="runScenario" class="io.cucumber.testng.AbstractTestNGCucumberTests"/>
        <method signature="AbstractTestNGCucumberTests.runScenario(io.cucumber.testng.PickleWrapper, io.cucumber.testng.FeatureWrapper)[pri:0, instance:tests.ProductHoverMenuTest@7397c6]" name="runScenario" class="io.cucumber.testng.AbstractTestNGCucumberTests"/>
        <method signature="AbstractTestNGCucumberTests.runScenario(io.cucumber.testng.PickleWrapper, io.cucumber.testng.FeatureWrapper)[pri:0, instance:tests.ProductsSearchTest@1abfe081]" name="runScenario" class="io.cucumber.testng.AbstractTestNGCucumberTests"/>
        <method signature="AbstractTestNGCucumberTests.runScenario(io.cucumber.testng.PickleWrapper, io.cucumber.testng.FeatureWrapper)[pri:0, instance:tests.RegistrationTTDusingPropertiesTest@2a685eba]" name="runScenario" class="io.cucumber.testng.AbstractTestNGCucumberTests"/>
        <method signature="AbstractTestNGCucumberTests.runScenario(io.cucumber.testng.PickleWrapper, io.cucumber.testng.FeatureWrapper)[pri:0, instance:tests.ReviewProductTest@c2e3264]" name="runScenario" class="io.cucumber.testng.AbstractTestNGCucumberTests"/>
        <method signature="AbstractTestNGCucumberTests.runScenario(io.cucumber.testng.PickleWrapper, io.cucumber.testng.FeatureWrapper)[pri:0, instance:tests.ShoppingCartTest@107f4980]" name="runScenario" class="io.cucumber.testng.AbstractTestNGCucumberTests"/>
        <method signature="AbstractTestNGCucumberTests.runScenario(io.cucumber.testng.PickleWrapper, io.cucumber.testng.FeatureWrapper)[pri:0, instance:tests.TestBase@75a118e6]" name="runScenario" class="io.cucumber.testng.AbstractTestNGCucumberTests"/>
        <method signature="AbstractTestNGCucumberTests.runScenario(io.cucumber.testng.PickleWrapper, io.cucumber.testng.FeatureWrapper)[pri:0, instance:tests.UserRegistrationDDTest@1d540566]" name="runScenario" class="io.cucumber.testng.AbstractTestNGCucumberTests"/>
        <method signature="AbstractTestNGCucumberTests.runScenario(io.cucumber.testng.PickleWrapper, io.cucumber.testng.FeatureWrapper)[pri:0, instance:tests.UserRegistrationDDTusingCSVFileTest@6014a9ba]" name="runScenario" class="io.cucumber.testng.AbstractTestNGCucumberTests"/>
        <method signature="AbstractTestNGCucumberTests.runScenario(io.cucumber.testng.PickleWrapper, io.cucumber.testng.FeatureWrapper)[pri:0, instance:tests.UserRegistrationDDTusingJSONFileTest@acdcf71]" name="runScenario" class="io.cucumber.testng.AbstractTestNGCucumberTests"/>
        <method signature="AbstractTestNGCucumberTests.runScenario(io.cucumber.testng.PickleWrapper, io.cucumber.testng.FeatureWrapper)[pri:0, instance:tests.UserRegistrationTest@77d680e6]" name="runScenario" class="io.cucumber.testng.AbstractTestNGCucumberTests"/>
        <method signature="AbstractTestNGCucumberTests.runScenario(io.cucumber.testng.PickleWrapper, io.cucumber.testng.FeatureWrapper)[pri:0, instance:tests.UserRegistrationUsingFakerLibraryTest@4a14c44f]" name="runScenario" class="io.cucumber.testng.AbstractTestNGCucumberTests"/>
        <method signature="AbstractTestNGCucumberTests.runScenario(io.cucumber.testng.PickleWrapper, io.cucumber.testng.FeatureWrapper)[pri:0, instance:tests.UserRegistrationUsingTDDExcelFileTest@f08fdce]" name="runScenario" class="io.cucumber.testng.AbstractTestNGCucumberTests"/>
      </group> <!-- cucumber -->
    </groups>
    <test name="Command line test" duration-ms="8372" started-at="2020-08-29T17:00:29Z" finished-at="2020-08-29T17:00:37Z">
      <class name="tests.EmailFriendTest">
        <test-method status="PASS" signature="setUpClass()[pri:0, instance:tests.EmailFriendTest@6428591a]" name="setUpClass" is-config="true" duration-ms="17" started-at="2020-08-29T17:00:34Z" finished-at="2020-08-29T17:00:34Z">
          <reporter-output>
          </reporter-output>
        </test-method> <!-- setUpClass -->
      </class> <!-- tests.EmailFriendTest -->
      <class name="tests.ReviewProductTest">
        <test-method status="PASS" signature="setUpClass()[pri:0, instance:tests.ReviewProductTest@c2e3264]" name="setUpClass" is-config="true" duration-ms="0" started-at="2020-08-29T17:00:37Z" finished-at="2020-08-29T17:00:37Z">
          <reporter-output>
          </reporter-output>
        </test-method> <!-- setUpClass -->
      </class> <!-- tests.ReviewProductTest -->
      <class name="tests.UserRegistrationTest">
        <test-method status="PASS" signature="setUpClass()[pri:0, instance:tests.UserRegistrationTest@77d680e6]" name="setUpClass" is-config="true" duration-ms="4" started-at="2020-08-29T17:00:37Z" finished-at="2020-08-29T17:00:37Z">
          <reporter-output>
          </reporter-output>
        </test-method> <!-- setUpClass -->
      </class> <!-- tests.UserRegistrationTest -->
      <class name="tests.RegistrationTTDusingPropertiesTest">
        <test-method status="PASS" signature="setUpClass()[pri:0, instance:tests.RegistrationTTDusingPropertiesTest@2a685eba]" name="setUpClass" is-config="true" duration-ms="57" started-at="2020-08-29T17:00:37Z" finished-at="2020-08-29T17:00:37Z">
          <reporter-output>
          </reporter-output>
        </test-method> <!-- setUpClass -->
      </class> <!-- tests.RegistrationTTDusingPropertiesTest -->
      <class name="tests.AddProductToWishListTest">
        <test-method status="PASS" signature="StartDriver(java.lang.String)[pri:0, instance:tests.AddProductToWishListTest@2d9f64c9]" name="StartDriver" is-config="true" duration-ms="10194" started-at="2020-08-29T17:00:19Z" finished-at="2020-08-29T17:00:29Z">
          <params>
            <param index="0">
              <value>
                <![CDATA[chrome]]>
              </value>
            </param>
          </params>
          <reporter-output>
          </reporter-output>
        </test-method> <!-- StartDriver -->
        <test-method status="PASS" signature="setUpClass()[pri:0, instance:tests.AddProductToWishListTest@2d9f64c9]" name="setUpClass" is-config="true" duration-ms="356" started-at="2020-08-29T17:00:29Z" finished-at="2020-08-29T17:00:29Z">
          <reporter-output>
          </reporter-output>
        </test-method> <!-- setUpClass -->
        <test-method status="PASS" signature="stopDriver()[pri:0, instance:tests.AddProductToWishListTest@2d9f64c9]" name="stopDriver" is-config="true" duration-ms="848" started-at="2020-08-29T17:00:37Z" finished-at="2020-08-29T17:00:38Z">
          <reporter-output>
          </reporter-output>
        </test-method> <!-- stopDriver -->
      </class> <!-- tests.AddProductToWishListTest -->
      <class name="tests.ShoppingCartTest">
        <test-method status="PASS" signature="setUpClass()[pri:0, instance:tests.ShoppingCartTest@107f4980]" name="setUpClass" is-config="true" duration-ms="0" started-at="2020-08-29T17:00:37Z" finished-at="2020-08-29T17:00:37Z">
          <reporter-output>
          </reporter-output>
        </test-method> <!-- setUpClass -->
      </class> <!-- tests.ShoppingCartTest -->
      <class name="tests.UserRegistrationDDTusingCSVFileTest">
        <test-method status="PASS" signature="setUpClass()[pri:0, instance:tests.UserRegistrationDDTusingCSVFileTest@6014a9ba]" name="setUpClass" is-config="true" duration-ms="15" started-at="2020-08-29T17:00:37Z" finished-at="2020-08-29T17:00:37Z">
          <reporter-output>
          </reporter-output>
        </test-method> <!-- setUpClass -->
      </class> <!-- tests.UserRegistrationDDTusingCSVFileTest -->
      <class name="tests.ContactUsTest">
        <test-method status="PASS" signature="setUpClass()[pri:0, instance:tests.ContactUsTest@27b2faa6]" name="setUpClass" is-config="true" duration-ms="14" started-at="2020-08-29T17:00:29Z" finished-at="2020-08-29T17:00:29Z">
          <reporter-output>
          </reporter-output>
        </test-method> <!-- setUpClass -->
        <test-method status="PASS" signature="contactUsTest()[pri:0, instance:tests.ContactUsTest@27b2faa6]" name="contactUsTest" duration-ms="4417" started-at="2020-08-29T17:00:29Z" finished-at="2020-08-29T17:00:34Z">
          <reporter-output>
          </reporter-output>
        </test-method> <!-- contactUsTest -->
        <test-method status="PASS" signature="screenshotOnFailure(org.testng.ITestResult)[pri:0, instance:tests.ContactUsTest@27b2faa6]" name="screenshotOnFailure" is-config="true" duration-ms="2" started-at="2020-08-29T17:00:34Z" finished-at="2020-08-29T17:00:34Z">
          <params>
            <param index="0">
              <value>
                <![CDATA[[TestResult name=contactUsTest status=SUCCESS method=ContactUsTest.contactUsTest()[pri:0, instance:tests.ContactUsTest@27b2faa6] output={null}]]]>
              </value>
            </param>
          </params>
          <reporter-output>
          </reporter-output>
        </test-method> <!-- screenshotOnFailure -->
        <test-method status="PASS" signature="tearDownClass()[pri:0, instance:tests.ContactUsTest@27b2faa6]" name="tearDownClass" is-config="true" duration-ms="24" started-at="2020-08-29T17:00:34Z" finished-at="2020-08-29T17:00:34Z">
          <reporter-output>
          </reporter-output>
        </test-method> <!-- tearDownClass -->
      </class> <!-- tests.ContactUsTest -->
      <class name="tests.UserRegistrationDDTusingJSONFileTest">
        <test-method status="PASS" signature="setUpClass()[pri:0, instance:tests.UserRegistrationDDTusingJSONFileTest@acdcf71]" name="setUpClass" is-config="true" duration-ms="12" started-at="2020-08-29T17:00:37Z" finished-at="2020-08-29T17:00:37Z">
          <reporter-output>
          </reporter-output>
        </test-method> <!-- setUpClass -->
      </class> <!-- tests.UserRegistrationDDTusingJSONFileTest -->
      <class name="tests.ProductsSearchTest">
        <test-method status="PASS" signature="setUpClass()[pri:0, instance:tests.ProductsSearchTest@1abfe081]" name="setUpClass" is-config="true" duration-ms="7" started-at="2020-08-29T17:00:37Z" finished-at="2020-08-29T17:00:37Z">
          <reporter-output>
          </reporter-output>
        </test-method> <!-- setUpClass -->
      </class> <!-- tests.ProductsSearchTest -->
      <class name="tests.UserRegistrationUsingTDDExcelFileTest">
        <test-method status="PASS" signature="setUpClass()[pri:0, instance:tests.UserRegistrationUsingTDDExcelFileTest@f08fdce]" name="setUpClass" is-config="true" duration-ms="16" started-at="2020-08-29T17:00:37Z" finished-at="2020-08-29T17:00:37Z">
          <reporter-output>
          </reporter-output>
        </test-method> <!-- setUpClass -->
      </class> <!-- tests.UserRegistrationUsingTDDExcelFileTest -->
      <class name="tests.UserRegistrationDDTest">
        <test-method status="PASS" signature="setUpClass()[pri:0, instance:tests.UserRegistrationDDTest@1d540566]" name="setUpClass" is-config="true" duration-ms="20" started-at="2020-08-29T17:00:37Z" finished-at="2020-08-29T17:00:37Z">
          <reporter-output>
          </reporter-output>
        </test-method> <!-- setUpClass -->
      </class> <!-- tests.UserRegistrationDDTest -->
      <class name="tests.TestBase">
        <test-method status="PASS" signature="setUpClass()[pri:0, instance:tests.TestBase@75a118e6]" name="setUpClass" is-config="true" duration-ms="12" started-at="2020-08-29T17:00:37Z" finished-at="2020-08-29T17:00:37Z">
          <reporter-output>
          </reporter-output>
        </test-method> <!-- setUpClass -->
        <test-method status="PASS" signature="tearDownClass()[pri:0, instance:tests.TestBase@75a118e6]" name="tearDownClass" is-config="true" duration-ms="0" started-at="2020-08-29T17:00:37Z" finished-at="2020-08-29T17:00:37Z">
          <reporter-output>
          </reporter-output>
        </test-method> <!-- tearDownClass -->
      </class> <!-- tests.TestBase -->
      <class name="tests.ChangePasswordTest">
        <test-method status="PASS" signature="setUpClass()[pri:0, instance:tests.ChangePasswordTest@52d6cd34]" name="setUpClass" is-config="true" duration-ms="13" started-at="2020-08-29T17:00:29Z" finished-at="2020-08-29T17:00:29Z">
          <reporter-output>
          </reporter-output>
        </test-method> <!-- setUpClass -->
      </class> <!-- tests.ChangePasswordTest -->
      <class name="tests.UserRegistrationUsingFakerLibraryTest">
        <test-method status="PASS" signature="setUpClass()[pri:0, instance:tests.UserRegistrationUsingFakerLibraryTest@4a14c44f]" name="setUpClass" is-config="true" duration-ms="0" started-at="2020-08-29T17:00:37Z" finished-at="2020-08-29T17:00:37Z">
          <reporter-output>
          </reporter-output>
        </test-method> <!-- setUpClass -->
      </class> <!-- tests.UserRegistrationUsingFakerLibraryTest -->
      <class name="tests.ProductHoverMenuTest">
        <test-method status="PASS" signature="setUpClass()[pri:0, instance:tests.ProductHoverMenuTest@7397c6]" name="setUpClass" is-config="true" duration-ms="38" started-at="2020-08-29T17:00:34Z" finished-at="2020-08-29T17:00:34Z">
          <reporter-output>
          </reporter-output>
        </test-method> <!-- setUpClass -->
        <test-method status="PASS" signature="userCanSelectSubcateorgyFromMainMenu()[pri:0, instance:tests.ProductHoverMenuTest@7397c6]" name="userCanSelectSubcateorgyFromMainMenu" duration-ms="2848" started-at="2020-08-29T17:00:34Z" finished-at="2020-08-29T17:00:37Z">
          <reporter-output>
          </reporter-output>
        </test-method> <!-- userCanSelectSubcateorgyFromMainMenu -->
        <test-method status="PASS" signature="screenshotOnFailure(org.testng.ITestResult)[pri:0, instance:tests.ProductHoverMenuTest@7397c6]" name="screenshotOnFailure" is-config="true" duration-ms="1" started-at="2020-08-29T17:00:37Z" finished-at="2020-08-29T17:00:37Z">
          <params>
            <param index="0">
              <value>
                <![CDATA[[TestResult name=userCanSelectSubcateorgyFromMainMenu status=SUCCESS method=ProductHoverMenuTest.userCanSelectSubcateorgyFromMainMenu()[pri:0, instance:tests.ProductHoverMenuTest@7397c6] output={null}]]]>
              </value>
            </param>
          </params>
          <reporter-output>
          </reporter-output>
        </test-method> <!-- screenshotOnFailure -->
        <test-method status="PASS" signature="tearDownClass()[pri:0, instance:tests.ProductHoverMenuTest@7397c6]" name="tearDownClass" is-config="true" duration-ms="2" started-at="2020-08-29T17:00:37Z" finished-at="2020-08-29T17:00:37Z">
          <reporter-output>
          </reporter-output>
        </test-method> <!-- tearDownClass -->
      </class> <!-- tests.ProductHoverMenuTest -->
      <class name="tests.ChangeCurrencyTest">
        <test-method status="PASS" signature="setUpClass()[pri:0, instance:tests.ChangeCurrencyTest@21ac5eb4]" name="setUpClass" is-config="true" duration-ms="19" started-at="2020-08-29T17:00:29Z" finished-at="2020-08-29T17:00:29Z">
          <reporter-output>
          </reporter-output>
        </test-method> <!-- setUpClass -->
      </class> <!-- tests.ChangeCurrencyTest -->
      <class name="tests.CompareProductsTest">
        <test-method status="PASS" signature="setUpClass()[pri:0, instance:tests.CompareProductsTest@715d6168]" name="setUpClass" is-config="true" duration-ms="9" started-at="2020-08-29T17:00:29Z" finished-at="2020-08-29T17:00:29Z">
          <reporter-output>
          </reporter-output>
        </test-method> <!-- setUpClass -->
      </class> <!-- tests.CompareProductsTest -->
    </test> <!-- Command line test -->
  </suite> <!-- Command line suite -->
</testng-results>
