<?xml version="1.0" encoding="UTF-8"?>
<testng-results skipped="0" failed="0" ignored="20" total="21" passed="1">
  <reporter-output>
  </reporter-output>
  <suite name="Ecommerce Regression Suite" duration-ms="6847" started-at="2020-11-27T16:39:26Z" finished-at="2020-11-27T16:39:33Z">
    <groups>
      <group name="cucumber">
        <method signature="AbstractTestNGCucumberTests.runScenario(io.cucumber.testng.PickleWrapper, io.cucumber.testng.FeatureWrapper)[pri:0, instance:tests.AddProductToWishListTest@3f6f6701]" name="runScenario" class="io.cucumber.testng.AbstractTestNGCucumberTests"/>
        <method signature="AbstractTestNGCucumberTests.runScenario(io.cucumber.testng.PickleWrapper, io.cucumber.testng.FeatureWrapper)[pri:0, instance:tests.ChangeCurrencyTest@3527942a]" name="runScenario" class="io.cucumber.testng.AbstractTestNGCucumberTests"/>
        <method signature="AbstractTestNGCucumberTests.runScenario(io.cucumber.testng.PickleWrapper, io.cucumber.testng.FeatureWrapper)[pri:0, instance:tests.ChangePasswordTest@534a5a98]" name="runScenario" class="io.cucumber.testng.AbstractTestNGCucumberTests"/>
        <method signature="AbstractTestNGCucumberTests.runScenario(io.cucumber.testng.PickleWrapper, io.cucumber.testng.FeatureWrapper)[pri:0, instance:tests.CompareProductsTest@942a29c]" name="runScenario" class="io.cucumber.testng.AbstractTestNGCucumberTests"/>
        <method signature="AbstractTestNGCucumberTests.runScenario(io.cucumber.testng.PickleWrapper, io.cucumber.testng.FeatureWrapper)[pri:0, instance:tests.ContactUsTest@771a660]" name="runScenario" class="io.cucumber.testng.AbstractTestNGCucumberTests"/>
        <method signature="AbstractTestNGCucumberTests.runScenario(io.cucumber.testng.PickleWrapper, io.cucumber.testng.FeatureWrapper)[pri:0, instance:tests.EmailFriendTest@1ed6388a]" name="runScenario" class="io.cucumber.testng.AbstractTestNGCucumberTests"/>
        <method signature="AbstractTestNGCucumberTests.runScenario(io.cucumber.testng.PickleWrapper, io.cucumber.testng.FeatureWrapper)[pri:0, instance:tests.ProductsSearchTest@2d52216b]" name="runScenario" class="io.cucumber.testng.AbstractTestNGCucumberTests"/>
        <method signature="AbstractTestNGCucumberTests.runScenario(io.cucumber.testng.PickleWrapper, io.cucumber.testng.FeatureWrapper)[pri:0, instance:tests.RegisteredUserCanCheckoutProduct@242b836]" name="runScenario" class="io.cucumber.testng.AbstractTestNGCucumberTests"/>
        <method signature="AbstractTestNGCucumberTests.runScenario(io.cucumber.testng.PickleWrapper, io.cucumber.testng.FeatureWrapper)[pri:0, instance:tests.ReviewProductTest@272113c4]" name="runScenario" class="io.cucumber.testng.AbstractTestNGCucumberTests"/>
        <method signature="AbstractTestNGCucumberTests.runScenario(io.cucumber.testng.PickleWrapper, io.cucumber.testng.FeatureWrapper)[pri:0, instance:tests.ShoppingCartTest@5a45133e]" name="runScenario" class="io.cucumber.testng.AbstractTestNGCucumberTests"/>
        <method signature="AbstractTestNGCucumberTests.runScenario(io.cucumber.testng.PickleWrapper, io.cucumber.testng.FeatureWrapper)[pri:0, instance:tests.UserRegistrationTest@73e9cf30]" name="runScenario" class="io.cucumber.testng.AbstractTestNGCucumberTests"/>
      </group> <!-- cucumber -->
    </groups>
    <test name="RegressionTestSuite" duration-ms="6847" started-at="2020-11-27T16:39:26Z" finished-at="2020-11-27T16:39:33Z">
      <class name="tests.EmailFriendTest">
        <test-method status="PASS" signature="setUpClass()[pri:0, instance:tests.EmailFriendTest@1ed6388a]" name="setUpClass" is-config="true" duration-ms="0" started-at="2020-11-27T16:39:33Z" finished-at="2020-11-27T16:39:33Z">
          <reporter-output>
          </reporter-output>
        </test-method> <!-- setUpClass -->
      </class> <!-- tests.EmailFriendTest -->
      <class name="tests.ChangePasswordTest">
        <test-method status="PASS" signature="setUpClass()[pri:0, instance:tests.ChangePasswordTest@534a5a98]" name="setUpClass" is-config="true" duration-ms="15" started-at="2020-11-27T16:39:33Z" finished-at="2020-11-27T16:39:33Z">
          <reporter-output>
          </reporter-output>
        </test-method> <!-- setUpClass -->
      </class> <!-- tests.ChangePasswordTest -->
      <class name="tests.RegisteredUserCanCheckoutProduct">
        <test-method status="PASS" signature="setUpClass()[pri:0, instance:tests.RegisteredUserCanCheckoutProduct@242b836]" name="setUpClass" is-config="true" duration-ms="31" started-at="2020-11-27T16:39:32Z" finished-at="2020-11-27T16:39:32Z">
          <reporter-output>
          </reporter-output>
        </test-method> <!-- setUpClass -->
      </class> <!-- tests.RegisteredUserCanCheckoutProduct -->
      <class name="tests.ReviewProductTest">
        <test-method status="PASS" signature="StartDriver(java.lang.String)[pri:0, instance:tests.ReviewProductTest@272113c4]" name="StartDriver" is-config="true" duration-ms="21099" started-at="2020-11-27T16:39:05Z" finished-at="2020-11-27T16:39:26Z">
          <params>
            <param index="0">
              <value>
                <![CDATA[firefox]]>
              </value>
            </param>
          </params>
          <reporter-output>
          </reporter-output>
        </test-method> <!-- StartDriver -->
        <test-method status="PASS" signature="setUpClass()[pri:0, instance:tests.ReviewProductTest@272113c4]" name="setUpClass" is-config="true" duration-ms="413" started-at="2020-11-27T16:39:26Z" finished-at="2020-11-27T16:39:26Z">
          <reporter-output>
          </reporter-output>
        </test-method> <!-- setUpClass -->
        <test-method status="PASS" signature="stopDriver()[pri:0, instance:tests.ReviewProductTest@272113c4]" name="stopDriver" is-config="true" duration-ms="1352" started-at="2020-11-27T16:39:33Z" finished-at="2020-11-27T16:39:34Z">
          <reporter-output>
          </reporter-output>
        </test-method> <!-- stopDriver -->
      </class> <!-- tests.ReviewProductTest -->
      <class name="tests.UserRegistrationTest">
        <test-method status="PASS" signature="setUpClass()[pri:0, instance:tests.UserRegistrationTest@73e9cf30]" name="setUpClass" is-config="true" duration-ms="15" started-at="2020-11-27T16:39:26Z" finished-at="2020-11-27T16:39:26Z">
          <reporter-output>
          </reporter-output>
        </test-method> <!-- setUpClass -->
      </class> <!-- tests.UserRegistrationTest -->
      <class name="tests.AddProductToWishListTest">
        <test-method status="PASS" signature="setUpClass()[pri:0, instance:tests.AddProductToWishListTest@3f6f6701]" name="setUpClass" is-config="true" duration-ms="16" started-at="2020-11-27T16:39:32Z" finished-at="2020-11-27T16:39:32Z">
          <reporter-output>
          </reporter-output>
        </test-method> <!-- setUpClass -->
      </class> <!-- tests.AddProductToWishListTest -->
      <class name="tests.ShoppingCartTest">
        <test-method status="PASS" signature="setUpClass()[pri:0, instance:tests.ShoppingCartTest@5a45133e]" name="setUpClass" is-config="true" duration-ms="28" started-at="2020-11-27T16:39:33Z" finished-at="2020-11-27T16:39:33Z">
          <reporter-output>
          </reporter-output>
        </test-method> <!-- setUpClass -->
      </class> <!-- tests.ShoppingCartTest -->
      <class name="tests.ChangeCurrencyTest">
        <test-method status="PASS" signature="setUpClass()[pri:0, instance:tests.ChangeCurrencyTest@3527942a]" name="setUpClass" is-config="true" duration-ms="15" started-at="2020-11-27T16:39:32Z" finished-at="2020-11-27T16:39:32Z">
          <reporter-output>
          </reporter-output>
        </test-method> <!-- setUpClass -->
      </class> <!-- tests.ChangeCurrencyTest -->
      <class name="tests.ContactUsTest">
        <test-method status="PASS" signature="setUpClass()[pri:0, instance:tests.ContactUsTest@771a660]" name="setUpClass" is-config="true" duration-ms="9" started-at="2020-11-27T16:39:26Z" finished-at="2020-11-27T16:39:26Z">
          <reporter-output>
          </reporter-output>
        </test-method> <!-- setUpClass -->
        <test-method status="PASS" signature="contactUsTest()[pri:0, instance:tests.ContactUsTest@771a660]" name="contactUsTest" duration-ms="5907" started-at="2020-11-27T16:39:26Z" finished-at="2020-11-27T16:39:32Z">
          <reporter-output>
          </reporter-output>
        </test-method> <!-- contactUsTest -->
        <test-method status="PASS" signature="screenshotOnFailure(org.testng.ITestResult)[pri:0, instance:tests.ContactUsTest@771a660]" name="screenshotOnFailure" is-config="true" duration-ms="0" started-at="2020-11-27T16:39:32Z" finished-at="2020-11-27T16:39:32Z">
          <params>
            <param index="0">
              <value>
                <![CDATA[[TestResult name=contactUsTest status=SUCCESS method=ContactUsTest.contactUsTest()[pri:0, instance:tests.ContactUsTest@771a660] output={null}]]]>
              </value>
            </param>
          </params>
          <reporter-output>
          </reporter-output>
        </test-method> <!-- screenshotOnFailure -->
        <test-method status="PASS" signature="tearDownClass()[pri:0, instance:tests.ContactUsTest@771a660]" name="tearDownClass" is-config="true" duration-ms="37" started-at="2020-11-27T16:39:32Z" finished-at="2020-11-27T16:39:32Z">
          <reporter-output>
          </reporter-output>
        </test-method> <!-- tearDownClass -->
      </class> <!-- tests.ContactUsTest -->
      <class name="tests.ProductsSearchTest">
        <test-method status="PASS" signature="setUpClass()[pri:0, instance:tests.ProductsSearchTest@2d52216b]" name="setUpClass" is-config="true" duration-ms="27" started-at="2020-11-27T16:39:32Z" finished-at="2020-11-27T16:39:32Z">
          <reporter-output>
          </reporter-output>
        </test-method> <!-- setUpClass -->
      </class> <!-- tests.ProductsSearchTest -->
      <class name="tests.CompareProductsTest">
        <test-method status="PASS" signature="setUpClass()[pri:0, instance:tests.CompareProductsTest@942a29c]" name="setUpClass" is-config="true" duration-ms="21" started-at="2020-11-27T16:39:32Z" finished-at="2020-11-27T16:39:33Z">
          <reporter-output>
          </reporter-output>
        </test-method> <!-- setUpClass -->
      </class> <!-- tests.CompareProductsTest -->
    </test> <!-- RegressionTestSuite -->
  </suite> <!-- Ecommerce Regression Suite -->
</testng-results>
