<?xml version="1.0" encoding="UTF-8"?>
<testng-results skipped="0" failed="0" ignored="0" total="1" passed="1">
  <reporter-output>
  </reporter-output>
  <suite name="Default suite" duration-ms="7886" started-at="2020-08-24T13:20:13Z" finished-at="2020-08-24T13:20:20Z">
    <groups>
      <group name="cucumber">
        <method signature="AbstractTestNGCucumberTests.runScenario(io.cucumber.testng.PickleWrapper, io.cucumber.testng.FeatureWrapper)[pri:0, instance:runner.StepRunner@6737fd8f]" name="runScenario" class="io.cucumber.testng.AbstractTestNGCucumberTests"/>
      </group> <!-- cucumber -->
    </groups>
    <test name="Default test" duration-ms="7886" started-at="2020-08-24T13:20:13Z" finished-at="2020-08-24T13:20:20Z">
      <class name="runner.StepRunner">
        <test-method status="PASS" signature="StartDriver(java.lang.String)[pri:0, instance:runner.StepRunner@6737fd8f]" name="StartDriver" is-config="true" duration-ms="11171" started-at="2020-08-24T13:20:01Z" finished-at="2020-08-24T13:20:13Z">
          <params>
            <param index="0">
              <value>
                <![CDATA[Firefox]]>
              </value>
            </param>
          </params>
          <reporter-output>
          </reporter-output>
        </test-method> <!-- StartDriver -->
        <test-method status="PASS" signature="setUpClass()[pri:0, instance:runner.StepRunner@6737fd8f]" name="setUpClass" is-config="true" duration-ms="943" started-at="2020-08-24T13:20:13Z" finished-at="2020-08-24T13:20:14Z">
          <reporter-output>
          </reporter-output>
        </test-method> <!-- setUpClass -->
        <test-method status="PASS" signature="runScenario(io.cucumber.testng.PickleWrapper, io.cucumber.testng.FeatureWrapper)[pri:0, instance:runner.StepRunner@6737fd8f]" name="runScenario" duration-ms="6779" started-at="2020-08-24T13:20:14Z" description="Runs Cucumber Scenarios" data-provider="scenarios" finished-at="2020-08-24T13:20:20Z">
          <params>
            <param index="0">
              <value>
                <![CDATA["user can register successfully"]]>
              </value>
            </param>
            <param index="1">
              <value>
                <![CDATA["Optional[User Registartion]"]]>
              </value>
            </param>
          </params>
          <reporter-output>
          </reporter-output>
        </test-method> <!-- runScenario -->
        <test-method status="PASS" signature="screenshotOnFailure(org.testng.ITestResult)[pri:0, instance:runner.StepRunner@6737fd8f]" name="screenshotOnFailure" is-config="true" duration-ms="2" started-at="2020-08-24T13:20:20Z" finished-at="2020-08-24T13:20:20Z">
          <params>
            <param index="0">
              <value>
                <![CDATA[[TestResult name=runScenario status=SUCCESS method=AbstractTestNGCucumberTests.runScenario(io.cucumber.testng.PickleWrapper, io.cucumber.testng.FeatureWrapper)[pri:0, instance:runner.StepRunner@6737fd8f] output={null}]]]>
              </value>
            </param>
          </params>
          <reporter-output>
          </reporter-output>
        </test-method> <!-- screenshotOnFailure -->
        <test-method status="PASS" signature="tearDownClass()[pri:0, instance:runner.StepRunner@6737fd8f]" name="tearDownClass" is-config="true" duration-ms="129" started-at="2020-08-24T13:20:20Z" finished-at="2020-08-24T13:20:20Z">
          <reporter-output>
          </reporter-output>
        </test-method> <!-- tearDownClass -->
        <test-method status="PASS" signature="stopDriver()[pri:0, instance:runner.StepRunner@6737fd8f]" name="stopDriver" is-config="true" duration-ms="1260" started-at="2020-08-24T13:20:20Z" finished-at="2020-08-24T13:20:22Z">
          <reporter-output>
          </reporter-output>
        </test-method> <!-- stopDriver -->
      </class> <!-- runner.StepRunner -->
    </test> <!-- Default test -->
  </suite> <!-- Default suite -->
</testng-results>
